<?xml version="1.0" encoding="UTF-8"?>
<!-- Generated by org.testng.reporters.JUnitReportReporter -->
<testsuite hostname="P5-GL71N62" name="org.SeleniumMaven.TestGmail" tests="1" failures="0" timestamp="16 May 2018 11:39:30 GMT" time="3.395" errors="0">
  <testcase name="login" time="3.395" classname="org.SeleniumMaven.TestGmail"/>
</testsuite> <!-- org.SeleniumMaven.TestGmail -->
