<?xml version="1.0" encoding="UTF-8"?>
<!-- Generated by org.testng.reporters.JUnitReportReporter -->
<testsuite hostname="P5-GL71N62" name="org.SeleniumMaven.NewTest2" tests="3" failures="0" timestamp="16 May 2018 10:26:41 GMT" time="0.004" errors="0">
  <testcase name="f" time="0.001" classname="org.SeleniumMaven.NewTest2"/>
  <testcase name="f" time="0.001" classname="org.SeleniumMaven.NewTest2"/>
  <testcase name="f" time="0.002" classname="org.SeleniumMaven.NewTest2"/>
</testsuite> <!-- org.SeleniumMaven.NewTest2 -->
