<?xml version="1.0" encoding="UTF-8"?>
<!-- Generated by org.testng.reporters.JUnitReportReporter -->
<testsuite hostname="P5-GL71N62" name="org.SeleniumMaven.NewTest1" tests="1" failures="0" timestamp="16 May 2018 10:26:41 GMT" time="0.008" errors="0">
  <testcase name="test1" time="0.008" classname="org.SeleniumMaven.NewTest1"/>
</testsuite> <!-- org.SeleniumMaven.NewTest1 -->
