<?xml version="1.0" encoding="UTF-8"?>
<!-- Generated by org.testng.reporters.JUnitReportReporter -->
<testsuite hostname="P5-GL71N62" name="org.SeleniumMaven.TestGmailLogin" tests="1" failures="0" timestamp="17 May 2018 04:21:36 GMT" time="1.497" errors="0">
  <testcase name="LoginGmail" time="1.497" classname="org.SeleniumMaven.TestGmailLogin"/>
</testsuite> <!-- org.SeleniumMaven.TestGmailLogin -->
