<?xml version="1.0" encoding="UTF-8"?>
<!-- Generated by org.testng.reporters.JUnitReportReporter -->
<testsuite hostname="P5-GL71N62" name="org.SeleniumMaven.TestDemoWebsite" tests="1" failures="0" timestamp="16 May 2018 10:34:04 GMT" time="16.664" errors="0">
  <testcase name="register" time="16.664" classname="org.SeleniumMaven.TestDemoWebsite"/>
</testsuite> <!-- org.SeleniumMaven.TestDemoWebsite -->
